
> bella-acessorios@0.1.0 dev
> next dev

▲ Next.js 16.2.6 (Turbopack)
- Local:         http://localhost:3000
- Network:       http://192.168.0.89:3000
- Environments: .env
✓ Ready in 235ms
⚠ The "middleware" file convention is deprecated. Please use "proxy" instead. Learn more: https://nextjs.org/docs/messages/middleware-to-proxy

 GET /catalog 200 in 250ms (next.js: 102ms, application-code: 148ms)
 GET /api/products?sort=newest 200 in 22ms (next.js: 15ms, application-code: 7ms)
 GET /api/auth/session 200 in 450ms (next.js: 442ms, application-code: 8ms)
 GET / 200 in 52ms (next.js: 13ms, application-code: 39ms)
 GET / 200 in 15ms (next.js: 1324µs, application-code: 14ms)
 GET /cart 200 in 363ms (next.js: 354ms, application-code: 9ms)
 GET / 200 in 50ms (next.js: 15ms, application-code: 35ms)
 GET /catalog 200 in 20ms (next.js: 3ms, application-code: 17ms)
 GET /api/products?sort=newest 200 in 8ms (next.js: 3ms, application-code: 6ms)
 GET /product/anel-casulo-dourado 200 in 283ms (next.js: 272ms, application-code: 10ms)
 GET /api/products/anel-casulo-dourado 200 in 387ms (next.js: 384ms, application-code: 3ms)
 GET /api/products/anel-casulo-dourado 200 in 6ms (next.js: 4ms, application-code: 1912µs)
 GET / 200 in 30ms (next.js: 6ms, application-code: 24ms)
 GET / 200 in 38ms (next.js: 9ms, application-code: 28ms)
 GET / 200 in 36ms (next.js: 4ms, application-code: 32ms)
 GET /catalog 200 in 42ms (next.js: 12ms, application-code: 30ms)
 GET /api/products?sort=newest 200 in 13ms (next.js: 4ms, application-code: 9ms)
 GET / 200 in 26ms (next.js: 5ms, application-code: 20ms)
 GET /catalog?category=aneis 200 in 30ms (next.js: 5ms, application-code: 25ms)
 GET /api/products?category=aneis&sort=newest 200 in 9ms (next.js: 3ms, application-code: 6ms)
 GET /catalog?category=aneis 200 in 36ms (next.js: 5ms, application-code: 30ms)
 GET /api/products?category=aneis&sort=newest 200 in 9ms (next.js: 3ms, application-code: 6ms)
 GET /product/anel-casulo-dourado 200 in 28ms (next.js: 8ms, application-code: 20ms)
 GET /product/anel-casulo-dourado 200 in 18ms (next.js: 2ms, application-code: 15ms)
 GET /api/products/anel-casulo-dourado 200 in 15ms (next.js: 7ms, application-code: 8ms)
 GET /api/products/anel-casulo-dourado 200 in 4ms (next.js: 1320µs, application-code: 2ms)
 GET / 200 in 41ms (next.js: 11ms, application-code: 30ms)
